<?xml version="1.0" encoding="UTF-8"?>
<!-- Generated by org.testng.reporters.JUnitReportReporter -->
<testsuite hostname="LM018076W7" name="TestSelenium" tests="2" failures="0" timestamp="17 Jan 2018 14:21:21 GMT" time="6.612" errors="0">
  <testcase name="support" time="3.257" classname="TestSelenium"/>
  <testcase name="register" time="3.355" classname="TestSelenium"/>
</testsuite> <!-- TestSelenium -->
